<?xml version="1.0" encoding="UTF-8"?>
<!-- Generated by org.testng.reporters.JUnitReportReporter -->
<testsuite hostname="AlexWang" name="com.bbc.PageObjectDemo.AppTest" tests="1" failures="0" timestamp="10 Mar 2019 08:13:16 GMT" time="0.000" errors="0">
  <testcase name="testApp" time="0.000" classname="com.bbc.PageObjectDemo.AppTest"/>
</testsuite> <!-- com.bbc.PageObjectDemo.AppTest -->
